<?xml version="1.0" encoding="UTF-8"?>
<!-- Generated by org.testng.reporters.JUnitReportReporter -->
<testsuite hostname="DESKTOP-G5380CM" failures="0" tests="1" name="com.selenium.workFlows.FeedBackFlow" time="2.454" errors="0" timestamp="2021-06-22T15:13:37 EDT" skipped="0">
  <testcase classname="com.selenium.workFlows.FeedBackFlow" name="feedBackWorkFlow" time="2.454"/>
</testsuite> <!-- com.selenium.workFlows.FeedBackFlow -->
