<?xml version="1.0" encoding="UTF-8"?>
<!-- Generated by org.testng.reporters.JUnitReportReporter -->
<testsuite hostname="DESKTOP-G5380CM" failures="0" tests="1" name="testpack.MTest" time="3.840" errors="0" timestamp="2021-06-22T13:08:20 EDT" skipped="0">
  <testcase classname="testpack.MTest" name="sampleTest" time="3.840"/>
</testsuite> <!-- testpack.MTest -->
