<?xml version="1.0" encoding="UTF-8"?>
<!-- Generated by org.testng.reporters.JUnitReportReporter -->
<testsuite hostname="DESKTOP-G5380CM" failures="0" tests="3" name="com.selenium.sampleWorkFlow.SauceDemoTest" time="11.226" errors="0" timestamp="2021-06-22T16:56:16 EDT" skipped="0">
  <testcase classname="com.selenium.sampleWorkFlow.SauceDemoTest" name="sacuceTest" time="3.573"/>
  <testcase classname="com.selenium.sampleWorkFlow.SauceDemoTest" name="sacuceTest" time="4.358"/>
  <testcase classname="com.selenium.sampleWorkFlow.SauceDemoTest" name="sacuceTest" time="3.295"/>
</testsuite> <!-- com.selenium.sampleWorkFlow.SauceDemoTest -->
